debug 2025/11/04 13:51:43 
debug 2025/11/04 13:51:43 ~~~~~~~~~PROGRAM START~~~~~~~~~
debug 2025/11/04 13:51:43 
debug 2025/11/04 13:51:43 width, height: 97 37
debug 2025/11/04 13:51:46 Adding {0, 0} and {0, 1}
debug 2025/11/04 13:51:46 New pos: {0, 1}
debug 2025/11/04 13:51:46 Adding {0, 0} and {0, 1}
debug 2025/11/04 13:51:46 New pos: {0, 1}
debug 2025/11/04 13:51:47 Adding {0, 0} and {0, 1}
debug 2025/11/04 13:51:47 New pos: {0, 1}
debug 2025/11/04 13:51:47 Adding {0, 0} and {0, 1}
debug 2025/11/04 13:51:47 New pos: {0, 1}
debug 2025/11/04 13:51:47 Adding {0, 0} and {0, 1}
debug 2025/11/04 13:51:47 New pos: {0, 1}
debug 2025/11/04 13:51:47 Adding {0, 0} and {0, 1}
debug 2025/11/04 13:51:47 New pos: {0, 1}
debug 2025/11/04 13:51:47 Adding {0, 0} and {0, 1}
debug 2025/11/04 13:51:47 New pos: {0, 1}
debug 2025/11/04 13:51:48 Adding {0, 0} and {1, 0}
debug 2025/11/04 13:51:48 New pos: {1, 0}
debug 2025/11/04 13:51:48 Adding {0, 0} and {1, 0}
debug 2025/11/04 13:51:48 New pos: {1, 0}
debug 2025/11/04 13:51:48 Adding {0, 0} and {1, 0}
debug 2025/11/04 13:51:48 New pos: {1, 0}
debug 2025/11/04 13:51:48 Adding {0, 0} and {-1, 0}
debug 2025/11/04 13:51:48 New pos: {-1, 0}
debug 2025/11/04 13:51:48 Unable to run tui:program was killed: program experienced a panic
